<?xml version="1.0" encoding="UTF-8"?>
<!-- Generated by org.testng.reporters.JUnitReportReporter -->
<testsuite hostname="SarthakSyduAIO" failures="0" tests="5" name="file_handling_data_driven_27th_Apr_2023.TestCases_Rediff_TN_ExcelSheet" time="47.499" errors="0" timestamp="2023-04-30T19:21:16 EDT" skipped="0">
  <testcase classname="file_handling_data_driven_27th_Apr_2023.TestCases_Rediff_TN_ExcelSheet" name="enterRediffLogicDetails" time="6.040"/>
  <system-out/>
  <testcase classname="file_handling_data_driven_27th_Apr_2023.TestCases_Rediff_TN_ExcelSheet" name="enterRediffLogicDetails" time="11.828"/>
  <system-out/>
  <testcase classname="file_handling_data_driven_27th_Apr_2023.TestCases_Rediff_TN_ExcelSheet" name="enterRediffLogicDetails" time="6.481"/>
  <system-out/>
  <testcase classname="file_handling_data_driven_27th_Apr_2023.TestCases_Rediff_TN_ExcelSheet" name="enterRediffLogicDetails" time="12.916"/>
  <system-out/>
  <testcase classname="file_handling_data_driven_27th_Apr_2023.TestCases_Rediff_TN_ExcelSheet" name="enterRediffLogicDetails" time="10.234"/>
  <system-out/>
</testsuite> <!-- file_handling_data_driven_27th_Apr_2023.TestCases_Rediff_TN_ExcelSheet -->
