<?xml version="1.0" encoding="UTF-8"?>
<!-- Generated by org.testng.reporters.JUnitReportReporter -->
<testsuite hostname="SarthakSyduAIO" failures="0" tests="1" name="file_handling_data_driven.TestCases_Rediff_TN_ExcelSheet" time="0.000" errors="0" timestamp="2023-04-27T22:14:20 EDT" skipped="1">
  <testcase classname="file_handling_data_driven.TestCases_Rediff_TN_ExcelSheet" name="enterRediffLogicDetails" time="0.000">
    <skipped/>
  </testcase> <!-- enterRediffLogicDetails -->
  <system-out/>
</testsuite> <!-- file_handling_data_driven.TestCases_Rediff_TN_ExcelSheet -->
