<?xml version="1.0" encoding="UTF-8"?>
<!-- Generated by org.testng.reporters.JUnitReportReporter -->
<testsuite hostname="SarthakSyduAIO" failures="0" tests="1" name="automation_code_7th_May_2023.AutoSuggestive_Dropdown" time="9.351" errors="0" timestamp="2023-05-07T20:45:06 EDT" skipped="0">
  <testcase classname="automation_code_7th_May_2023.AutoSuggestive_Dropdown" name="easeMyTrip" time="9.351"/>
  <system-out/>
</testsuite> <!-- automation_code_7th_May_2023.AutoSuggestive_Dropdown -->
