<?xml version="1.0" encoding="UTF-8"?>
<!-- Generated by org.testng.reporters.JUnitReportReporter -->
<testsuite hostname="SarthakSyduAIO" failures="0" tests="1" name="chromeoptions_4th_May_2023.ExtraTopic" time="7.028" errors="0" timestamp="2023-05-07T20:57:04 EDT" skipped="0">
  <testcase classname="chromeoptions_4th_May_2023.ExtraTopic" name="TNLogin" time="7.028"/>
  <system-out/>
</testsuite> <!-- chromeoptions_4th_May_2023.ExtraTopic -->
