<?xml version="1.0" encoding="UTF-8"?>
<!-- Generated by org.testng.reporters.JUnitReportReporter -->
<testsuite hostname="SarthakSyduAIO" failures="0" tests="1" name="automation_code_extra_Topics.ZoomInZoomOut" time="10.712" errors="0" timestamp="2023-05-07T21:52:53 EDT" skipped="0">
  <testcase classname="automation_code_extra_Topics.ZoomInZoomOut" name="zoomInAndOut" time="10.712"/>
  <system-out/>
</testsuite> <!-- automation_code_extra_Topics.ZoomInZoomOut -->
