<?xml version="1.0" encoding="UTF-8"?>
<!-- Generated by org.testng.reporters.JUnitReportReporter -->
<testsuite hostname="SarthakSyduAIO" failures="0" tests="1" name="testng_code_23rd_Apr_2023.AssertionsClassAssignment" time="8.574" errors="0" timestamp="2023-04-23T21:27:59 EDT" skipped="0">
  <testcase classname="testng_code_23rd_Apr_2023.AssertionsClassAssignment" name="registerUserWithoutEnteringanyField" time="8.574"/>
  <system-out/>
</testsuite> <!-- testng_code_23rd_Apr_2023.AssertionsClassAssignment -->
