<?xml version="1.0" encoding="UTF-8"?>
<!-- Generated by org.testng.reporters.JUnitReportReporter -->
<testsuite hostname="SarthakSyduAIO" failures="0" tests="1" name="automation_code_24th_Apr_2023.TagName" time="4.210" errors="0" timestamp="2023-04-24T21:26:23 EDT" skipped="0">
  <testcase classname="automation_code_24th_Apr_2023.TagName" name="rediff" time="4.210"/>
  <system-out/>
</testsuite> <!-- automation_code_24th_Apr_2023.TagName -->
