<?xml version="1.0" encoding="UTF-8"?>
<!-- Generated by org.testng.reporters.JUnitReportReporter -->
<testsuite hostname="SarthakSyduAIO" failures="0" tests="3" name="testng_code_20th_Apr_2023.Automation_BM_T_AM_How_This_Combination_Works" time="149.164" errors="0" timestamp="2023-04-20T21:57:48 EDT" skipped="0">
  <testcase classname="testng_code_20th_Apr_2023.Automation_BM_T_AM_How_This_Combination_Works" name="clickOnSignInButton" time="42.514"/>
  <system-out/>
  <testcase classname="testng_code_20th_Apr_2023.Automation_BM_T_AM_How_This_Combination_Works" name="enterCredentials" time="43.131"/>
  <system-out/>
  <testcase classname="testng_code_20th_Apr_2023.Automation_BM_T_AM_How_This_Combination_Works" name="clickOnSigninLink" time="63.519"/>
  <system-out/>
</testsuite> <!-- testng_code_20th_Apr_2023.Automation_BM_T_AM_How_This_Combination_Works -->
