<?xml version="1.0" encoding="UTF-8"?>
<!-- Generated by org.testng.reporters.JUnitReportReporter -->
<testsuite hostname="SarthakSyduAIO" failures="0" tests="1" name="automation_code_extra_Topics.Response_Code" time="5.819" errors="0" timestamp="2023-05-07T21:40:09 EDT" skipped="0">
  <testcase classname="automation_code_extra_Topics.Response_Code" name="validateResponseCode" time="5.819"/>
  <system-out/>
</testsuite> <!-- automation_code_extra_Topics.Response_Code -->
