<?xml version="1.0" encoding="UTF-8"?>
<!-- Generated by org.testng.reporters.JUnitReportReporter -->
<testsuite hostname="SarthakSyduAIO" failures="0" tests="1" name="testng_code_include_exclude_30th_Apr_2023.LogoutTest" time="0.007" errors="0" timestamp="2023-04-30T21:59:56 EDT" skipped="0">
  <testcase classname="testng_code_include_exclude_30th_Apr_2023.LogoutTest" name="logoutCase1" time="0.007"/>
  <system-out/>
</testsuite> <!-- testng_code_include_exclude_30th_Apr_2023.LogoutTest -->
