<?xml version="1.0" encoding="UTF-8"?>
<!-- Generated by org.testng.reporters.JUnitReportReporter -->
<testsuite hostname="SarthakSyduAIO" failures="0" tests="1" name="automation_code_23rd_Apr_2023.Select_DropDown" time="5.754" errors="0" timestamp="2023-04-23T22:02:41 EDT" skipped="0">
  <testcase classname="automation_code_23rd_Apr_2023.Select_DropDown" name="dropdownFacebook" time="5.754"/>
  <system-out/>
</testsuite> <!-- automation_code_23rd_Apr_2023.Select_DropDown -->
