<?xml version="1.0" encoding="UTF-8"?>
<!-- Generated by org.testng.reporters.JUnitReportReporter -->
<testsuite hostname="SarthakSyduAIO" failures="0" tests="1" name="automation_code_Calendar_DatePicker_14th_May_2023.DatePicker" time="3.386" errors="0" timestamp="2023-05-14T20:23:31 EDT" skipped="0">
  <testcase classname="automation_code_Calendar_DatePicker_14th_May_2023.DatePicker" name="usingJavaScript" time="3.386"/>
  <system-out/>
</testsuite> <!-- automation_code_Calendar_DatePicker_14th_May_2023.DatePicker -->
