<?xml version="1.0" encoding="UTF-8"?>
<!-- Generated by org.testng.reporters.JUnitReportReporter -->
<testsuite hostname="SarthakSyduAIO" failures="0" tests="1" name="webtables.Understanding_WebTable" time="24.326" errors="0" timestamp="2023-05-14T21:19:20 EDT" skipped="0">
  <testcase classname="webtables.Understanding_WebTable" name="rediffWebTable" time="24.326"/>
  <system-out/>
</testsuite> <!-- webtables.Understanding_WebTable -->
