<?xml version="1.0" encoding="UTF-8"?>
<!-- Generated by org.testng.reporters.JUnitReportReporter -->
<testsuite hostname="SarthakSyduAIO" failures="0" tests="1" name="firefoxoptions_4th_May_2023.FFOptions" time="7.010" errors="0" timestamp="2023-05-07T21:04:13 EDT" skipped="0">
  <testcase classname="firefoxoptions_4th_May_2023.FFOptions" name="firefoxOptionsTest" time="7.010"/>
  <system-out/>
</testsuite> <!-- firefoxoptions_4th_May_2023.FFOptions -->
