<?xml version="1.0" encoding="UTF-8"?>
<!-- Generated by org.testng.reporters.JUnitReportReporter -->
<testsuite hostname="SarthakSyduAIO" failures="0" tests="6" name="automationcode_applicationOfDateTimeStamp.TNLoginTest" time="37.821" errors="0" timestamp="2023-05-15T21:54:37 EDT" skipped="0">
  <testcase classname="automationcode_applicationOfDateTimeStamp.TNLoginTest" name="verifyLoginMultipleTimesWithWrongUsername" time="6.126"/>
  <system-out/>
  <testcase classname="automationcode_applicationOfDateTimeStamp.TNLoginTest" name="verifyLoginMultipleTimesWithWrongUsername" time="6.078"/>
  <system-out/>
  <testcase classname="automationcode_applicationOfDateTimeStamp.TNLoginTest" name="verifyLoginMultipleTimesWithWrongUsername" time="7.415"/>
  <system-out/>
  <testcase classname="automationcode_applicationOfDateTimeStamp.TNLoginTest" name="verifyLoginMultipleTimesWithWrongUsername" time="6.015"/>
  <system-out/>
  <testcase classname="automationcode_applicationOfDateTimeStamp.TNLoginTest" name="verifyLoginMultipleTimesWithWrongUsername" time="5.963"/>
  <system-out/>
  <testcase classname="automationcode_applicationOfDateTimeStamp.TNLoginTest" name="verifyLoginMultipleTimesWithWrongUsername" time="6.224"/>
  <system-out/>
</testsuite> <!-- automationcode_applicationOfDateTimeStamp.TNLoginTest -->
