<?xml version="1.0" encoding="UTF-8"?>
<!-- Generated by org.testng.reporters.JUnitReportReporter -->
<testsuite hostname="SarthakSyduAIO" failures="0" tests="2" name="file_handling_data_driven.Reading_From_Properties_File" time="20.284" errors="0" timestamp="2023-04-27T20:44:47 EDT" skipped="0">
  <testcase classname="file_handling_data_driven.Reading_From_Properties_File" name="tutorialsNinjaLoginTest" time="8.854"/>
  <system-out/>
  <testcase classname="file_handling_data_driven.Reading_From_Properties_File" name="rediffLoginTest" time="11.430"/>
  <system-out/>
</testsuite> <!-- file_handling_data_driven.Reading_From_Properties_File -->
