<?xml version="1.0" encoding="UTF-8"?>
<!-- Generated by org.testng.reporters.JUnitReportReporter -->
<testsuite hostname="SarthakSyduAIO" failures="0" tests="1" name="automation_practice_demo_QA.Demo1" time="4.873" errors="0" timestamp="2023-05-28T18:27:17 EDT" skipped="0">
  <testcase classname="automation_practice_demo_QA.Demo1" name="clickOnSubmitButton" time="4.873"/>
  <system-out/>
</testsuite> <!-- automation_practice_demo_QA.Demo1 -->
