<?xml version="1.0" encoding="UTF-8"?>
<!-- Generated by org.testng.reporters.JUnitReportReporter -->
<testsuite hostname="SarthakSyduAIO" failures="0" tests="1" name="automation_code_ScreenRecording.RecordingExcecution" time="8.119" errors="0" timestamp="2023-04-30T20:55:01 EDT" skipped="0">
  <testcase classname="automation_code_ScreenRecording.RecordingExcecution" name="enterTNLoginDetails" time="8.119"/>
  <system-out/>
</testsuite> <!-- automation_code_ScreenRecording.RecordingExcecution -->
