<?xml version="1.0" encoding="UTF-8"?>
<!-- Generated by org.testng.reporters.JUnitReportReporter -->
<testsuite hostname="SarthakSyduAIO" failures="0" tests="12" name="file_handling_data_driven.TestCases_Rediff_TN_ExcelSheet" time="118.405" errors="0" timestamp="2023-04-28T02:27:52 EDT" skipped="0">
  <testcase classname="file_handling_data_driven.TestCases_Rediff_TN_ExcelSheet" name="enterTNLoginDetails" time="7.869"/>
  <system-out/>
  <testcase classname="file_handling_data_driven.TestCases_Rediff_TN_ExcelSheet" name="enterTNLoginDetails" time="8.779"/>
  <system-out/>
  <testcase classname="file_handling_data_driven.TestCases_Rediff_TN_ExcelSheet" name="enterTNLoginDetails" time="8.532"/>
  <system-out/>
  <testcase classname="file_handling_data_driven.TestCases_Rediff_TN_ExcelSheet" name="enterTNLoginDetails" time="9.202"/>
  <system-out/>
  <testcase classname="file_handling_data_driven.TestCases_Rediff_TN_ExcelSheet" name="enterTNLoginDetails" time="8.171"/>
  <system-out/>
  <testcase classname="file_handling_data_driven.TestCases_Rediff_TN_ExcelSheet" name="enterTNLoginDetails" time="7.798"/>
  <system-out/>
  <testcase classname="file_handling_data_driven.TestCases_Rediff_TN_ExcelSheet" name="enterTNLoginDetails" time="11.455"/>
  <system-out/>
  <testcase classname="file_handling_data_driven.TestCases_Rediff_TN_ExcelSheet" name="enterRediffLogicDetails" time="7.291"/>
  <system-out/>
  <testcase classname="file_handling_data_driven.TestCases_Rediff_TN_ExcelSheet" name="enterRediffLogicDetails" time="12.202"/>
  <system-out/>
  <testcase classname="file_handling_data_driven.TestCases_Rediff_TN_ExcelSheet" name="enterRediffLogicDetails" time="11.004"/>
  <system-out/>
  <testcase classname="file_handling_data_driven.TestCases_Rediff_TN_ExcelSheet" name="enterRediffLogicDetails" time="12.358"/>
  <system-out/>
  <testcase classname="file_handling_data_driven.TestCases_Rediff_TN_ExcelSheet" name="enterRediffLogicDetails" time="13.744"/>
  <system-out/>
</testsuite> <!-- file_handling_data_driven.TestCases_Rediff_TN_ExcelSheet -->
