<?xml version="1.0" encoding="UTF-8"?>
<!-- Generated by org.testng.reporters.JUnitReportReporter -->
<testsuite hostname="SarthakSyduAIO" failures="0" tests="12" name="file_handling_data_driven_27th_Apr_2023.TestCases_Rediff_TN_ExcelSheet" time="91.805" errors="0" timestamp="2023-04-30T21:00:37 EDT" skipped="0">
  <testcase classname="file_handling_data_driven_27th_Apr_2023.TestCases_Rediff_TN_ExcelSheet" name="enterTNLoginDetails" time="6.273"/>
  <system-out/>
  <testcase classname="file_handling_data_driven_27th_Apr_2023.TestCases_Rediff_TN_ExcelSheet" name="enterTNLoginDetails" time="6.268"/>
  <system-out/>
  <testcase classname="file_handling_data_driven_27th_Apr_2023.TestCases_Rediff_TN_ExcelSheet" name="enterTNLoginDetails" time="8.105"/>
  <system-out/>
  <testcase classname="file_handling_data_driven_27th_Apr_2023.TestCases_Rediff_TN_ExcelSheet" name="enterTNLoginDetails" time="6.610"/>
  <system-out/>
  <testcase classname="file_handling_data_driven_27th_Apr_2023.TestCases_Rediff_TN_ExcelSheet" name="enterTNLoginDetails" time="6.667"/>
  <system-out/>
  <testcase classname="file_handling_data_driven_27th_Apr_2023.TestCases_Rediff_TN_ExcelSheet" name="enterTNLoginDetails" time="6.312"/>
  <system-out/>
  <testcase classname="file_handling_data_driven_27th_Apr_2023.TestCases_Rediff_TN_ExcelSheet" name="enterTNLoginDetails" time="6.422"/>
  <system-out/>
  <testcase classname="file_handling_data_driven_27th_Apr_2023.TestCases_Rediff_TN_ExcelSheet" name="enterRediffLogicDetails" time="6.107"/>
  <system-out/>
  <testcase classname="file_handling_data_driven_27th_Apr_2023.TestCases_Rediff_TN_ExcelSheet" name="enterRediffLogicDetails" time="9.865"/>
  <system-out/>
  <testcase classname="file_handling_data_driven_27th_Apr_2023.TestCases_Rediff_TN_ExcelSheet" name="enterRediffLogicDetails" time="11.831"/>
  <system-out/>
  <testcase classname="file_handling_data_driven_27th_Apr_2023.TestCases_Rediff_TN_ExcelSheet" name="enterRediffLogicDetails" time="6.875"/>
  <system-out/>
  <testcase classname="file_handling_data_driven_27th_Apr_2023.TestCases_Rediff_TN_ExcelSheet" name="enterRediffLogicDetails" time="10.470"/>
  <system-out/>
</testsuite> <!-- file_handling_data_driven_27th_Apr_2023.TestCases_Rediff_TN_ExcelSheet -->
