<?xml version="1.0" encoding="UTF-8"?>
<!-- Generated by org.testng.reporters.JUnitReportReporter -->
<testsuite hostname="SarthakSyduAIO" failures="0" tests="3" name="testng_code_20th_Apr_2023.TriCombo" time="0.006" errors="0" timestamp="2023-04-20T21:48:21 EDT" skipped="0">
  <testcase classname="testng_code_20th_Apr_2023.TriCombo" name="testCase3" time="0.001"/>
  <system-out/>
  <testcase classname="testng_code_20th_Apr_2023.TriCombo" name="testCase2" time="0.001"/>
  <system-out/>
  <testcase classname="testng_code_20th_Apr_2023.TriCombo" name="testCase1" time="0.004"/>
  <system-out/>
</testsuite> <!-- testng_code_20th_Apr_2023.TriCombo -->
