<?xml version="1.0" encoding="UTF-8"?>
<!-- Generated by org.testng.reporters.JUnitReportReporter -->
<testsuite hostname="SarthakSyduAIO" failures="0" tests="2" name="automation_code_extra_Topics.AutoSuggestive_Dropdown" time="29.503" errors="0" timestamp="2023-05-07T21:18:20 EDT" skipped="0">
  <testcase classname="automation_code_extra_Topics.AutoSuggestive_Dropdown" name="makeMyTrip" time="21.004"/>
  <system-out/>
  <testcase classname="automation_code_extra_Topics.AutoSuggestive_Dropdown" name="easeMyTrip" time="8.499"/>
  <system-out/>
</testsuite> <!-- automation_code_extra_Topics.AutoSuggestive_Dropdown -->
