<?xml version="1.0" encoding="UTF-8"?>
<!-- Generated by org.testng.reporters.JUnitReportReporter -->
<testsuite hostname="SarthakSyduAIO" failures="0" tests="5" name="automationcode_applicationOfDateTimeStamp.TNRegisterTest" time="35.175" errors="0" timestamp="2023-05-15T21:46:08 EDT" skipped="0">
  <testcase classname="automationcode_applicationOfDateTimeStamp.TNRegisterTest" name="tnRegister" time="7.880"/>
  <system-out/>
  <testcase classname="automationcode_applicationOfDateTimeStamp.TNRegisterTest" name="tnRegister" time="6.896"/>
  <system-out/>
  <testcase classname="automationcode_applicationOfDateTimeStamp.TNRegisterTest" name="tnRegister" time="6.876"/>
  <system-out/>
  <testcase classname="automationcode_applicationOfDateTimeStamp.TNRegisterTest" name="tnRegister" time="6.567"/>
  <system-out/>
  <testcase classname="automationcode_applicationOfDateTimeStamp.TNRegisterTest" name="tnRegister" time="6.956"/>
  <system-out/>
</testsuite> <!-- automationcode_applicationOfDateTimeStamp.TNRegisterTest -->
