<?xml version="1.0" encoding="UTF-8"?>
<!-- Generated by org.testng.reporters.JUnitReportReporter -->
<testsuite hostname="SarthakSyduAIO" failures="0" tests="1" name="testng_code_Parameterization_30th_Apr_2023.TN_Parameterize" time="6.922" errors="0" timestamp="2023-04-30T21:42:37 EDT" skipped="0">
  <testcase classname="testng_code_Parameterization_30th_Apr_2023.TN_Parameterize" name="TNLoginTest" time="6.922"/>
  <system-out/>
</testsuite> <!-- testng_code_Parameterization_30th_Apr_2023.TN_Parameterize -->
