<?xml version="1.0" encoding="UTF-8"?>
<!-- Generated by org.testng.reporters.JUnitReportReporter -->
<testsuite hostname="SarthakSyduAIO" failures="0" tests="3" name="testng_code_20th_Apr_2023.Priority_TestCases" time="18.225" errors="0" timestamp="2023-04-23T20:38:13 EDT" skipped="1">
  <testcase classname="testng_code_20th_Apr_2023.Priority_TestCases" name="clickOnSigninLink" time="7.010"/>
  <system-out/>
  <testcase classname="testng_code_20th_Apr_2023.Priority_TestCases" name="clickOnSignInButton" time="11.215"/>
  <system-out/>
  <testcase classname="testng_code_20th_Apr_2023.Priority_TestCases" name="enterCredentials">
    <skipped/>
  </testcase> <!-- enterCredentials -->
  <system-out/>
</testsuite> <!-- testng_code_20th_Apr_2023.Priority_TestCases -->
