<?xml version="1.0" encoding="UTF-8"?>
<!-- Generated by org.testng.reporters.JUnitReportReporter -->
<testsuite hostname="SarthakSyduAIO" failures="0" tests="2" name="testng_code_include_exclude_30th_Apr_2023.LoginTest" time="0.001" errors="0" timestamp="2023-04-30T21:59:56 EDT" skipped="0">
  <testcase classname="testng_code_include_exclude_30th_Apr_2023.LoginTest" name="loginCase1" time="0.000"/>
  <system-out/>
  <testcase classname="testng_code_include_exclude_30th_Apr_2023.LoginTest" name="loginCase2" time="0.001"/>
  <system-out/>
</testsuite> <!-- testng_code_include_exclude_30th_Apr_2023.LoginTest -->
