<?xml version="1.0" encoding="UTF-8"?>
<!-- Generated by org.testng.reporters.JUnitReportReporter -->
<testsuite hostname="SarthakSyduAIO" failures="0" tests="1" name="waits_in_Selenium.ExplicitWait" time="6.379" errors="0" timestamp="2023-05-14T19:12:56 EDT" skipped="0">
  <testcase classname="waits_in_Selenium.ExplicitWait" name="TNExplicitWait" time="6.379"/>
  <system-out/>
</testsuite> <!-- waits_in_Selenium.ExplicitWait -->
