<?xml version="1.0" encoding="UTF-8"?>
<!-- Generated by org.testng.reporters.JUnitReportReporter -->
<testsuite hostname="SarthakSyduAIO" failures="0" tests="1" name="testng_code_BatchRunnin_24th_Apr_2023.TNRegisterTest" time="7.036" errors="0" timestamp="2023-04-24T21:13:40 EDT" skipped="0">
  <testcase classname="testng_code_BatchRunnin_24th_Apr_2023.TNRegisterTest" name="tnRegister" time="7.036"/>
  <system-out/>
</testsuite> <!-- testng_code_BatchRunnin_24th_Apr_2023.TNRegisterTest -->
