<?xml version="1.0" encoding="UTF-8"?>
<!-- Generated by org.testng.reporters.JUnitReportReporter -->
<testsuite hostname="SarthakSyduAIO" failures="0" tests="1" name="automation_code_MouseKeyboard_Actions_14th_May_2023.MouseKeyboard" time="3.214" errors="0" timestamp="2023-05-14T20:41:48 EDT" skipped="0">
  <testcase classname="automation_code_MouseKeyboard_Actions_14th_May_2023.MouseKeyboard" name="mouseDroppable" time="3.214"/>
  <system-out/>
</testsuite> <!-- automation_code_MouseKeyboard_Actions_14th_May_2023.MouseKeyboard -->
