<?xml version="1.0" encoding="UTF-8"?>
<!-- Generated by org.testng.reporters.JUnitReportReporter -->
<testsuite hostname="SarthakSyduAIO" failures="0" tests="1" name="testng_code_BatchRunnin_24th_Apr_2023.TNLoginTest" time="6.021" errors="0" timestamp="28 May 2023 22:38:12 GMT" skipped="0">
  <testcase classname="testng_code_BatchRunnin_24th_Apr_2023.TNLoginTest" name="enterTNLoginDetails" time="6.021"/>
</testsuite> <!-- testng_code_BatchRunnin_24th_Apr_2023.TNLoginTest -->
