<?xml version="1.0" encoding="UTF-8"?>
<!-- Generated by org.testng.reporters.JUnitReportReporter -->
<testsuite hostname="SarthakSyduAIO" failures="0" tests="1" name="testng_code_include_exclude_30th_Apr_2023.LogoutTest" time="0.000" errors="0" timestamp="28 May 2023 22:38:12 GMT" skipped="0">
  <testcase classname="testng_code_include_exclude_30th_Apr_2023.LogoutTest" name="logoutCase1" time="0.000"/>
</testsuite> <!-- testng_code_include_exclude_30th_Apr_2023.LogoutTest -->
