<?xml version="1.0" encoding="UTF-8"?>
<!-- Generated by org.testng.reporters.JUnitReportReporter -->
<testsuite hostname="SarthakSyduAIO" failures="0" tests="1" name="testng_code_BatchRunnin_24th_Apr_2023.TNRegisterTest" time="7.091" errors="0" timestamp="28 May 2023 22:38:12 GMT" skipped="0">
  <testcase classname="testng_code_BatchRunnin_24th_Apr_2023.TNRegisterTest" name="tnRegister" time="7.091"/>
</testsuite> <!-- testng_code_BatchRunnin_24th_Apr_2023.TNRegisterTest -->
